[2021-06-25 13:34:45,504] DEBUG preRegister called. Server=com.sun.jmx.mbeanserver.JmxMBeanServer@8807e25, name=log4j:logger=kafka.controller (kafka.controller)
[2021-06-25 13:35:34,079] INFO [ControllerEventThread controllerId=0] Starting (kafka.controller.ControllerEventManager$ControllerEventThread)
[2021-06-25 13:35:34,145] INFO [Controller id=0] 0 successfully elected as the controller. Epoch incremented to 1 and epoch zk version is now 1 (kafka.controller.KafkaController)
[2021-06-25 13:35:34,148] INFO [Controller id=0] Creating FeatureZNode at path: /feature with contents: FeatureZNode(Enabled,Features{}) (kafka.controller.KafkaController)
[2021-06-25 13:35:34,199] INFO [Controller id=0] Registering handlers (kafka.controller.KafkaController)
[2021-06-25 13:35:34,202] INFO [Controller id=0] Deleting log dir event notifications (kafka.controller.KafkaController)
[2021-06-25 13:35:34,205] INFO [Controller id=0] Deleting isr change notifications (kafka.controller.KafkaController)
[2021-06-25 13:35:34,207] INFO [Controller id=0] Initializing controller context (kafka.controller.KafkaController)
[2021-06-25 13:35:34,224] INFO [Controller id=0] Initialized broker epochs cache: HashMap(0 -> 25) (kafka.controller.KafkaController)
[2021-06-25 13:35:34,229] DEBUG [Controller id=0] Register BrokerModifications handler for Set(0) (kafka.controller.KafkaController)
[2021-06-25 13:35:34,233] DEBUG [Channel manager on controller 0]: Controller 0 trying to connect to broker 0 (kafka.controller.ControllerChannelManager)
[2021-06-25 13:35:34,241] INFO [RequestSendThread controllerId=0] Starting (kafka.controller.RequestSendThread)
[2021-06-25 13:35:34,243] INFO [Controller id=0] Currently active brokers in the cluster: Set(0) (kafka.controller.KafkaController)
[2021-06-25 13:35:34,243] INFO [Controller id=0] Currently shutting brokers in the cluster: HashSet() (kafka.controller.KafkaController)
[2021-06-25 13:35:34,243] INFO [Controller id=0] Current list of topics in the cluster: HashSet() (kafka.controller.KafkaController)
[2021-06-25 13:35:34,243] INFO [Controller id=0] Fetching topic deletions in progress (kafka.controller.KafkaController)
[2021-06-25 13:35:34,246] INFO [Controller id=0] List of topics to be deleted:  (kafka.controller.KafkaController)
[2021-06-25 13:35:34,246] INFO [Controller id=0] List of topics ineligible for deletion:  (kafka.controller.KafkaController)
[2021-06-25 13:35:34,246] INFO [Controller id=0] Initializing topic deletion manager (kafka.controller.KafkaController)
[2021-06-25 13:35:34,247] INFO [Topic Deletion Manager 0] Initializing manager with initial deletions: Set(), initial ineligible deletions: HashSet() (kafka.controller.TopicDeletionManager)
[2021-06-25 13:35:34,247] INFO [Controller id=0] Sending update metadata request (kafka.controller.KafkaController)
[2021-06-25 13:35:34,257] INFO [ReplicaStateMachine controllerId=0] Initializing replica state (kafka.controller.ZkReplicaStateMachine)
[2021-06-25 13:35:34,257] INFO [ReplicaStateMachine controllerId=0] Triggering online replica state changes (kafka.controller.ZkReplicaStateMachine)
[2021-06-25 13:35:34,261] INFO [ReplicaStateMachine controllerId=0] Triggering offline replica state changes (kafka.controller.ZkReplicaStateMachine)
[2021-06-25 13:35:34,261] DEBUG [ReplicaStateMachine controllerId=0] Started replica state machine with initial state -> HashMap() (kafka.controller.ZkReplicaStateMachine)
[2021-06-25 13:35:34,261] INFO [PartitionStateMachine controllerId=0] Initializing partition state (kafka.controller.ZkPartitionStateMachine)
[2021-06-25 13:35:34,262] INFO [PartitionStateMachine controllerId=0] Triggering online partition state changes (kafka.controller.ZkPartitionStateMachine)
[2021-06-25 13:35:34,264] DEBUG [PartitionStateMachine controllerId=0] Started partition state machine with initial state -> HashMap() (kafka.controller.ZkPartitionStateMachine)
[2021-06-25 13:35:34,264] INFO [Controller id=0] Ready to serve as the new controller with epoch 1 (kafka.controller.KafkaController)
[2021-06-25 13:35:34,266] INFO [RequestSendThread controllerId=0] Controller 0 connected to 10.0.1.125:9092 (id: 0 rack: null) for sending state change requests (kafka.controller.RequestSendThread)
[2021-06-25 13:35:34,271] INFO [Controller id=0] Partitions undergoing preferred replica election:  (kafka.controller.KafkaController)
[2021-06-25 13:35:34,271] INFO [Controller id=0] Partitions that completed preferred replica election:  (kafka.controller.KafkaController)
[2021-06-25 13:35:34,272] INFO [Controller id=0] Skipping preferred replica election for partitions due to topic deletion:  (kafka.controller.KafkaController)
[2021-06-25 13:35:34,272] INFO [Controller id=0] Resuming preferred replica election for partitions:  (kafka.controller.KafkaController)
[2021-06-25 13:35:34,273] INFO [Controller id=0] Starting replica leader election (PREFERRED) for partitions  triggered by ZkTriggered (kafka.controller.KafkaController)
[2021-06-25 13:35:34,304] INFO [Controller id=0] Starting the controller scheduler (kafka.controller.KafkaController)
[2021-06-25 13:35:39,307] INFO [Controller id=0] Processing automatic preferred replica leader election (kafka.controller.KafkaController)
[2021-06-25 13:35:39,308] TRACE [Controller id=0] Checking need to trigger auto leader balancing (kafka.controller.KafkaController)
[2021-06-25 13:36:14,573] INFO [Controller id=0] New topics: [Set(streams-plaintext-input)], deleted topics: [HashSet()], new partition replica assignment [Set(TopicIdReplicaAssignment(streams-plaintext-input,Some(Tx-8BCdzQj6pfXCU4B09-w),Map(streams-plaintext-input-0 -> ReplicaAssignment(replicas=0, addingReplicas=, removingReplicas=))))] (kafka.controller.KafkaController)
[2021-06-25 13:36:14,573] INFO [Controller id=0] New partition creation callback for streams-plaintext-input-0 (kafka.controller.KafkaController)
[2021-06-25 13:37:02,200] INFO [Controller id=0] New topics: [Set(streams-wordcount-output)], deleted topics: [HashSet()], new partition replica assignment [Set(TopicIdReplicaAssignment(streams-wordcount-output,Some(vrghx-bYSI61tGS62yMVVw),Map(streams-wordcount-output-0 -> ReplicaAssignment(replicas=0, addingReplicas=, removingReplicas=))))] (kafka.controller.KafkaController)
[2021-06-25 13:37:02,201] INFO [Controller id=0] New partition creation callback for streams-wordcount-output-0 (kafka.controller.KafkaController)
[2021-06-25 13:39:54,033] INFO [Controller id=0] New topics: [Set(__consumer_offsets)], deleted topics: [HashSet()], new partition replica assignment [Set(TopicIdReplicaAssignment(__consumer_offsets,Some(n848a5txRlq-i6mpwtvVpQ),HashMap(__consumer_offsets-22 -> ReplicaAssignment(replicas=0, addingReplicas=, removingReplicas=), __consumer_offsets-30 -> ReplicaAssignment(replicas=0, addingReplicas=, removingReplicas=), __consumer_offsets-25 -> ReplicaAssignment(replicas=0, addingReplicas=, removingReplicas=), __consumer_offsets-35 -> ReplicaAssignment(replicas=0, addingReplicas=, removingReplicas=), __consumer_offsets-37 -> ReplicaAssignment(replicas=0, addingReplicas=, removingReplicas=), __consumer_offsets-38 -> ReplicaAssignment(replicas=0, addingReplicas=, removingReplicas=), __consumer_offsets-13 -> ReplicaAssignment(replicas=0, addingReplicas=, removingReplicas=), __consumer_offsets-8 -> ReplicaAssignment(replicas=0, addingReplicas=, removingReplicas=), __consumer_offsets-21 -> ReplicaAssignment(replicas=0, addingReplicas=, removingReplicas=), __consumer_offsets-4 -> ReplicaAssignment(replicas=0, addingReplicas=, removingReplicas=), __consumer_offsets-27 -> ReplicaAssignment(replicas=0, addingReplicas=, removingReplicas=), __consumer_offsets-7 -> ReplicaAssignment(replicas=0, addingReplicas=, removingReplicas=), __consumer_offsets-9 -> ReplicaAssignment(replicas=0, addingReplicas=, removingReplicas=), __consumer_offsets-46 -> ReplicaAssignment(replicas=0, addingReplicas=, removingReplicas=), __consumer_offsets-41 -> ReplicaAssignment(replicas=0, addingReplicas=, removingReplicas=), __consumer_offsets-33 -> ReplicaAssignment(replicas=0, addingReplicas=, removingReplicas=), __consumer_offsets-23 -> ReplicaAssignment(replicas=0, addingReplicas=, removingReplicas=), __consumer_offsets-49 -> ReplicaAssignment(replicas=0, addingReplicas=, removingReplicas=), __consumer_offsets-47 -> ReplicaAssignment(replicas=0, addingReplicas=, removingReplicas=), __consumer_offsets-16 -> ReplicaAssignment(replicas=0, addingReplicas=, removingReplicas=), __consumer_offsets-28 -> ReplicaAssignment(replicas=0, addingReplicas=, removingReplicas=), __consumer_offsets-31 -> ReplicaAssignment(replicas=0, addingReplicas=, removingReplicas=), __consumer_offsets-36 -> ReplicaAssignment(replicas=0, addingReplicas=, removingReplicas=), __consumer_offsets-42 -> ReplicaAssignment(replicas=0, addingReplicas=, removingReplicas=), __consumer_offsets-3 -> ReplicaAssignment(replicas=0, addingReplicas=, removingReplicas=), __consumer_offsets-18 -> ReplicaAssignment(replicas=0, addingReplicas=, removingReplicas=), __consumer_offsets-15 -> ReplicaAssignment(replicas=0, addingReplicas=, removingReplicas=), __consumer_offsets-24 -> ReplicaAssignment(replicas=0, addingReplicas=, removingReplicas=), __consumer_offsets-17 -> ReplicaAssignment(replicas=0, addingReplicas=, removingReplicas=), __consumer_offsets-48 -> ReplicaAssignment(replicas=0, addingReplicas=, removingReplicas=), __consumer_offsets-19 -> ReplicaAssignment(replicas=0, addingReplicas=, removingReplicas=), __consumer_offsets-11 -> ReplicaAssignment(replicas=0, addingReplicas=, removingReplicas=), __consumer_offsets-2 -> ReplicaAssignment(replicas=0, addingReplicas=, removingReplicas=), __consumer_offsets-43 -> ReplicaAssignment(replicas=0, addingReplicas=, removingReplicas=), __consumer_offsets-6 -> ReplicaAssignment(replicas=0, addingReplicas=, removingReplicas=), __consumer_offsets-14 -> ReplicaAssignment(replicas=0, addingReplicas=, removingReplicas=), __consumer_offsets-20 -> ReplicaAssignment(replicas=0, addingReplicas=, removingReplicas=), __consumer_offsets-0 -> ReplicaAssignment(replicas=0, addingReplicas=, removingReplicas=), __consumer_offsets-44 -> ReplicaAssignment(replicas=0, addingReplicas=, removingReplicas=), __consumer_offsets-39 -> ReplicaAssignment(replicas=0, addingReplicas=, removingReplicas=), __consumer_offsets-12 -> ReplicaAssignment(replicas=0, addingReplicas=, removingReplicas=), __consumer_offsets-45 -> ReplicaAssignment(replicas=0, addingReplicas=, removingReplicas=), __consumer_offsets-1 -> ReplicaAssignment(replicas=0, addingReplicas=, removingReplicas=), __consumer_offsets-5 -> ReplicaAssignment(replicas=0, addingReplicas=, removingReplicas=), __consumer_offsets-26 -> ReplicaAssignment(replicas=0, addingReplicas=, removingReplicas=), __consumer_offsets-29 -> ReplicaAssignment(replicas=0, addingReplicas=, removingReplicas=), __consumer_offsets-34 -> ReplicaAssignment(replicas=0, addingReplicas=, removingReplicas=), __consumer_offsets-10 -> ReplicaAssignment(replicas=0, addingReplicas=, removingReplicas=), __consumer_offsets-32 -> ReplicaAssignment(replicas=0, addingReplicas=, removingReplicas=), __consumer_offsets-40 -> ReplicaAssignment(replicas=0, addingReplicas=, removingReplicas=))))] (kafka.controller.KafkaController)
[2021-06-25 13:39:54,033] INFO [Controller id=0] New partition creation callback for __consumer_offsets-22,__consumer_offsets-30,__consumer_offsets-25,__consumer_offsets-35,__consumer_offsets-37,__consumer_offsets-38,__consumer_offsets-13,__consumer_offsets-8,__consumer_offsets-21,__consumer_offsets-4,__consumer_offsets-27,__consumer_offsets-7,__consumer_offsets-9,__consumer_offsets-46,__consumer_offsets-41,__consumer_offsets-33,__consumer_offsets-23,__consumer_offsets-49,__consumer_offsets-47,__consumer_offsets-16,__consumer_offsets-28,__consumer_offsets-31,__consumer_offsets-36,__consumer_offsets-42,__consumer_offsets-3,__consumer_offsets-18,__consumer_offsets-15,__consumer_offsets-24,__consumer_offsets-17,__consumer_offsets-48,__consumer_offsets-19,__consumer_offsets-11,__consumer_offsets-2,__consumer_offsets-43,__consumer_offsets-6,__consumer_offsets-14,__consumer_offsets-20,__consumer_offsets-0,__consumer_offsets-44,__consumer_offsets-39,__consumer_offsets-12,__consumer_offsets-45,__consumer_offsets-1,__consumer_offsets-5,__consumer_offsets-26,__consumer_offsets-29,__consumer_offsets-34,__consumer_offsets-10,__consumer_offsets-32,__consumer_offsets-40 (kafka.controller.KafkaController)
[2021-06-25 13:39:55,047] INFO [Controller id=0] New topics: [Set(streams-wordcount-KSTREAM-AGGREGATE-STATE-STORE-0000000003-repartition)], deleted topics: [HashSet()], new partition replica assignment [Set(TopicIdReplicaAssignment(streams-wordcount-KSTREAM-AGGREGATE-STATE-STORE-0000000003-repartition,Some(zC_BtEhJRxGv94bj4hkBdA),Map(streams-wordcount-KSTREAM-AGGREGATE-STATE-STORE-0000000003-repartition-0 -> ReplicaAssignment(replicas=0, addingReplicas=, removingReplicas=))))] (kafka.controller.KafkaController)
[2021-06-25 13:39:55,047] INFO [Controller id=0] New partition creation callback for streams-wordcount-KSTREAM-AGGREGATE-STATE-STORE-0000000003-repartition-0 (kafka.controller.KafkaController)
[2021-06-25 13:39:55,206] INFO [Controller id=0] New topics: [HashSet(streams-wordcount-KSTREAM-AGGREGATE-STATE-STORE-0000000003-changelog)], deleted topics: [HashSet()], new partition replica assignment [Set(TopicIdReplicaAssignment(streams-wordcount-KSTREAM-AGGREGATE-STATE-STORE-0000000003-changelog,Some(w3pcKBKLT0ePzlGNO1S8QQ),Map(streams-wordcount-KSTREAM-AGGREGATE-STATE-STORE-0000000003-changelog-0 -> ReplicaAssignment(replicas=0, addingReplicas=, removingReplicas=))))] (kafka.controller.KafkaController)
[2021-06-25 13:39:55,206] INFO [Controller id=0] New partition creation callback for streams-wordcount-KSTREAM-AGGREGATE-STATE-STORE-0000000003-changelog-0 (kafka.controller.KafkaController)
[2021-06-25 13:40:39,306] INFO [Controller id=0] Processing automatic preferred replica leader election (kafka.controller.KafkaController)
[2021-06-25 13:40:39,307] TRACE [Controller id=0] Checking need to trigger auto leader balancing (kafka.controller.KafkaController)
[2021-06-25 13:40:39,310] DEBUG [Controller id=0] Topics not in preferred replica for broker 0 HashMap() (kafka.controller.KafkaController)
[2021-06-25 13:40:39,310] TRACE [Controller id=0] Leader imbalance ratio for broker 0 is 0.0 (kafka.controller.KafkaController)
